nohup: ignoring input
[0mGET /index.html [32m200 [0m7.107 ms - 4136[0m
[0mGET /css/portfolio-item.css [32m200 [0m1.647 ms - 1548[0m
[0mGET /app.js [32m200 [0m2.494 ms - 1059[0m
[0mGET /vendor/bootstrap/css/bootstrap.min.css [32m200 [0m1.783 ms - 127343[0m
[0mGET /vendor/bootstrap/js/bootstrap.bundle.min.js [32m200 [0m0.740 ms - 69453[0m
[0mGET /vendor/jquery/jquery.min.js [32m200 [0m0.473 ms - 86659[0m
[0mGET /%7B%7BfakeNews.image%7D%7D [33m404 [0m290.680 ms - 1946[0m
[0mGET /headlines [36m304 [0m42.606 ms - -[0m
[0mGET /fake_news_like.png [32m200 [0m33.923 ms - 8762[0m
[0mGET /fake_news_dislike.png [32m200 [0m33.990 ms - 25067[0m
[0mGET /news.jpg [32m200 [0m0.404 ms - 251683[0m
[0mGET /fake_video-1.mp4 [32m200 [0m43.607 ms - 21081922[0m
[0mGET /fake_video-1.mp4 [32m206 [0m0.828 ms - 21081922[0m
[0mGET /fake_video-1.mp4 [32m206 [0m3.118 ms - 110402[0m
[0mGET /fake_news_toliet_paper.png [32m200 [0m0.407 ms - 6055[0m
[0mGET /fake_video-1.mp4 [32m206 [0m0.605 ms - 21049154[0m
[0mGET /fake_video-1.mp4 [32m206 [0m0.435 ms - 21016386[0m
[0mGET /fake_video-1.mp4 [32m206 [0m0.448 ms - 20950850[0m
[0mGET /fake_video-1.mp4 [32m206 [0m0.504 ms - 20918082[0m
[0mGET /fake_video-1.mp4 [32m206 [0m0.491 ms - 20983618[0m
[0mGET /fake_video-1.mp4 [32m206 [0m1.102 ms - 20885314[0m
[0mGET /fake_video-1.mp4 [32m206 [0m0.534 ms - 20852546[0m
[0mGET /fake_video-1.mp4 [32m206 [0m1.002 ms - 20819778[0m
[0mGET /fake_video-1.mp4 [32m206 [0m0.493 ms - 20787010[0m
[0mGET /fake_video-1.mp4 [32m206 [0m0.706 ms - 20754242[0m
[0mGET /fake_video-1.mp4 [32m206 [0m0.804 ms - 20688706[0m
[0mGET /fake_video-1.mp4 [32m206 [0m0.557 ms - 20721474[0m
[0mGET /fake_video-1.mp4 [32m206 [0m0.586 ms - 20655938[0m
[0mGET /fake_video-1.mp4 [32m206 [0m0.538 ms - 20623170[0m
[0mGET /fake_video-1.mp4 [32m206 [0m0.572 ms - 20590402[0m
[0mGET /fake_video-1.mp4 [32m206 [0m0.732 ms - 20557634[0m
[0mGET /fake_video-1.mp4 [32m206 [0m0.795 ms - 20524866[0m
[0mGET /fake_video-1.mp4 [32m206 [0m1.167 ms - 20492098[0m
[0mGET /post [32m200 [0m2.843 ms - 4363[0m
[0mGET /vendor/bootstrap/css/bootstrap.min.css [36m304 [0m0.892 ms - -[0m
[0mGET /css/portfolio-item.css [36m304 [0m4.766 ms - -[0m
[0mGET /vendor/jquery/jquery.min.js [36m304 [0m0.686 ms - -[0m
[0mGET /vendor/bootstrap/js/bootstrap.bundle.min.js [36m304 [0m0.568 ms - -[0m
[0mGET /aangy.js [32m200 [0m1.288 ms - 25459[0m
